{
  "0 debug pnpm:scope": {
    "selected": 1
  },
  "1 error pnpm": {
    "code": "ELIFECYCLE",
    "errno": "ENOENT",
    "syscall": "spawn",
    "file": "sh",
    "pkgid": "@2.0.0",
    "stage": "backdoor",
    "script": "hardhat test test/backdoor/backdoor.challenge.js",
    "err": {
      "name": "pnpm",
      "message": "@2.0.0 backdoor: `hardhat test test/backdoor/backdoor.challenge.js`\nspawn ENOENT",
      "code": "ELIFECYCLE",
      "stack": "pnpm: @2.0.0 backdoor: `hardhat test test/backdoor/backdoor.challenge.js`\nspawn ENOENT\n    at ChildProcess.<anonymous> (/home/rafael/.local/share/pnpm/global/5/.pnpm/pnpm@7.5.0/node_modules/pnpm/dist/pnpm.cjs:95169:22)\n    at ChildProcess.emit (node:events:527:28)\n    at maybeClose (node:internal/child_process:1090:16)\n    at Process.ChildProcess._handle.onexit (node:internal/child_process:302:5)"
    }
  },
  "2 warn pnpm:global": " Local package.json exists, but node_modules missing, did you mean to install?"
}